<?xml version="1.0" encoding="UTF-8"?>
<testng-results ignored="0" total="176" passed="132" failed="44" skipped="0">
  <reporter-output>
  </reporter-output>
  <suite started-at="2025-06-02T15:14:30 IST" name="Suite" finished-at="2025-06-02T15:18:31 IST" duration-ms="240532">
    <groups>
      <group name="Functional">
        <method signature="TS04_PortfolioPageValidation.backBtnValidation(java.lang.String,java.lang.String,java.lang.String,java.lang.String,java.lang.String,java.lang.String,java.lang.String)[pri:0, instance:app.vercel.devProfileEight.tests.TS04_PortfolioPageValidation@2e222612]" name="backBtnValidation" class="app.vercel.devProfileEight.tests.TS04_PortfolioPageValidation"/>
        <method signature="TS04_PortfolioPageValidation.backBtnValidation(java.lang.String,java.lang.String,java.lang.String,java.lang.String,java.lang.String,java.lang.String,java.lang.String)[pri:0, instance:app.vercel.devProfileEight.tests.TS04_PortfolioPageValidation@6bedbc4d]" name="backBtnValidation" class="app.vercel.devProfileEight.tests.TS04_PortfolioPageValidation"/>
      </group> <!-- Functional -->
      <group name="Master">
        <method signature="TS01_HomePageValidation.appsMadeEnableCheck()[pri:0, instance:app.vercel.devProfileEight.tests.TS01_HomePageValidation@19d481b]" name="appsMadeEnableCheck" class="app.vercel.devProfileEight.tests.TS01_HomePageValidation"/>
        <method signature="TS01_HomePageValidation.checkWebTitle()[pri:0, instance:app.vercel.devProfileEight.tests.TS01_HomePageValidation@19d481b]" name="checkWebTitle" class="app.vercel.devProfileEight.tests.TS01_HomePageValidation"/>
        <method signature="TS01_HomePageValidation.createPortfolioBtnClickCheck()[pri:0, instance:app.vercel.devProfileEight.tests.TS01_HomePageValidation@19d481b]" name="createPortfolioBtnClickCheck" class="app.vercel.devProfileEight.tests.TS01_HomePageValidation"/>
        <method signature="TS01_HomePageValidation.emailFieldEnableCheck()[pri:0, instance:app.vercel.devProfileEight.tests.TS01_HomePageValidation@19d481b]" name="emailFieldEnableCheck" class="app.vercel.devProfileEight.tests.TS01_HomePageValidation"/>
        <method signature="TS01_HomePageValidation.experienceFieldEnableCheck()[pri:0, instance:app.vercel.devProfileEight.tests.TS01_HomePageValidation@19d481b]" name="experienceFieldEnableCheck" class="app.vercel.devProfileEight.tests.TS01_HomePageValidation"/>
        <method signature="TS01_HomePageValidation.headerCheck()[pri:0, instance:app.vercel.devProfileEight.tests.TS01_HomePageValidation@19d481b]" name="headerCheck" class="app.vercel.devProfileEight.tests.TS01_HomePageValidation"/>
        <method signature="TS01_HomePageValidation.jobTitleFieldEnableCheck()[pri:0, instance:app.vercel.devProfileEight.tests.TS01_HomePageValidation@19d481b]" name="jobTitleFieldEnableCheck" class="app.vercel.devProfileEight.tests.TS01_HomePageValidation"/>
        <method signature="TS01_HomePageValidation.measureBtnClickCheck()[pri:0, instance:app.vercel.devProfileEight.tests.TS01_HomePageValidation@19d481b]" name="measureBtnClickCheck" class="app.vercel.devProfileEight.tests.TS01_HomePageValidation"/>
        <method signature="TS01_HomePageValidation.nameFieldEnableCheck()[pri:0, instance:app.vercel.devProfileEight.tests.TS01_HomePageValidation@19d481b]" name="nameFieldEnableCheck" class="app.vercel.devProfileEight.tests.TS01_HomePageValidation"/>
        <method signature="TS01_HomePageValidation.skillsFieldEnableCheck()[pri:0, instance:app.vercel.devProfileEight.tests.TS01_HomePageValidation@19d481b]" name="skillsFieldEnableCheck" class="app.vercel.devProfileEight.tests.TS01_HomePageValidation"/>
        <method signature="TS01_HomePageValidation.subTitleCheck()[pri:0, instance:app.vercel.devProfileEight.tests.TS01_HomePageValidation@19d481b]" name="subTitleCheck" class="app.vercel.devProfileEight.tests.TS01_HomePageValidation"/>
        <method signature="TS01_HomePageValidation.websitesDevelopedEnableCheck()[pri:0, instance:app.vercel.devProfileEight.tests.TS01_HomePageValidation@19d481b]" name="websitesDevelopedEnableCheck" class="app.vercel.devProfileEight.tests.TS01_HomePageValidation"/>
        <method signature="TS02_InputValidation.appsMadeFieldValidationTest(java.lang.String)[pri:0, instance:app.vercel.devProfileEight.tests.TS02_InputValidation@77eca502]" name="appsMadeFieldValidationTest" class="app.vercel.devProfileEight.tests.TS02_InputValidation"/>
        <method signature="TS02_InputValidation.emailFieldValidationTest(java.lang.String)[pri:0, instance:app.vercel.devProfileEight.tests.TS02_InputValidation@77eca502]" name="emailFieldValidationTest" class="app.vercel.devProfileEight.tests.TS02_InputValidation"/>
        <method signature="TS02_InputValidation.experienceFieldValidationTest(java.lang.String)[pri:0, instance:app.vercel.devProfileEight.tests.TS02_InputValidation@77eca502]" name="experienceFieldValidationTest" class="app.vercel.devProfileEight.tests.TS02_InputValidation"/>
        <method signature="TS02_InputValidation.jobTitleFieldValidationTest(java.lang.String)[pri:0, instance:app.vercel.devProfileEight.tests.TS02_InputValidation@77eca502]" name="jobTitleFieldValidationTest" class="app.vercel.devProfileEight.tests.TS02_InputValidation"/>
        <method signature="TS02_InputValidation.nameFieldValidationTest(java.lang.String)[pri:0, instance:app.vercel.devProfileEight.tests.TS02_InputValidation@77eca502]" name="nameFieldValidationTest" class="app.vercel.devProfileEight.tests.TS02_InputValidation"/>
        <method signature="TS02_InputValidation.skillsFieldValidationTest(java.lang.String)[pri:0, instance:app.vercel.devProfileEight.tests.TS02_InputValidation@77eca502]" name="skillsFieldValidationTest" class="app.vercel.devProfileEight.tests.TS02_InputValidation"/>
        <method signature="TS02_InputValidation.websitesDevelopedFieldValidationTest(java.lang.String)[pri:0, instance:app.vercel.devProfileEight.tests.TS02_InputValidation@77eca502]" name="websitesDevelopedFieldValidationTest" class="app.vercel.devProfileEight.tests.TS02_InputValidation"/>
        <method signature="TS04_PortfolioPageValidation.avatarValidation(java.lang.String,java.lang.String,java.lang.String,java.lang.String,java.lang.String,java.lang.String,java.lang.String)[pri:0, instance:app.vercel.devProfileEight.tests.TS04_PortfolioPageValidation@2e222612]" name="avatarValidation" class="app.vercel.devProfileEight.tests.TS04_PortfolioPageValidation"/>
        <method signature="TS04_PortfolioPageValidation.backBtnValidation(java.lang.String,java.lang.String,java.lang.String,java.lang.String,java.lang.String,java.lang.String,java.lang.String)[pri:0, instance:app.vercel.devProfileEight.tests.TS04_PortfolioPageValidation@2e222612]" name="backBtnValidation" class="app.vercel.devProfileEight.tests.TS04_PortfolioPageValidation"/>
        <method signature="TS01_HomePageValidation.appsMadeEnableCheck()[pri:0, instance:app.vercel.devProfileEight.tests.TS01_HomePageValidation@193f604a]" name="appsMadeEnableCheck" class="app.vercel.devProfileEight.tests.TS01_HomePageValidation"/>
        <method signature="TS01_HomePageValidation.checkWebTitle()[pri:0, instance:app.vercel.devProfileEight.tests.TS01_HomePageValidation@193f604a]" name="checkWebTitle" class="app.vercel.devProfileEight.tests.TS01_HomePageValidation"/>
        <method signature="TS01_HomePageValidation.createPortfolioBtnClickCheck()[pri:0, instance:app.vercel.devProfileEight.tests.TS01_HomePageValidation@193f604a]" name="createPortfolioBtnClickCheck" class="app.vercel.devProfileEight.tests.TS01_HomePageValidation"/>
        <method signature="TS01_HomePageValidation.emailFieldEnableCheck()[pri:0, instance:app.vercel.devProfileEight.tests.TS01_HomePageValidation@193f604a]" name="emailFieldEnableCheck" class="app.vercel.devProfileEight.tests.TS01_HomePageValidation"/>
        <method signature="TS01_HomePageValidation.experienceFieldEnableCheck()[pri:0, instance:app.vercel.devProfileEight.tests.TS01_HomePageValidation@193f604a]" name="experienceFieldEnableCheck" class="app.vercel.devProfileEight.tests.TS01_HomePageValidation"/>
        <method signature="TS01_HomePageValidation.headerCheck()[pri:0, instance:app.vercel.devProfileEight.tests.TS01_HomePageValidation@193f604a]" name="headerCheck" class="app.vercel.devProfileEight.tests.TS01_HomePageValidation"/>
        <method signature="TS01_HomePageValidation.jobTitleFieldEnableCheck()[pri:0, instance:app.vercel.devProfileEight.tests.TS01_HomePageValidation@193f604a]" name="jobTitleFieldEnableCheck" class="app.vercel.devProfileEight.tests.TS01_HomePageValidation"/>
        <method signature="TS01_HomePageValidation.measureBtnClickCheck()[pri:0, instance:app.vercel.devProfileEight.tests.TS01_HomePageValidation@193f604a]" name="measureBtnClickCheck" class="app.vercel.devProfileEight.tests.TS01_HomePageValidation"/>
        <method signature="TS01_HomePageValidation.nameFieldEnableCheck()[pri:0, instance:app.vercel.devProfileEight.tests.TS01_HomePageValidation@193f604a]" name="nameFieldEnableCheck" class="app.vercel.devProfileEight.tests.TS01_HomePageValidation"/>
        <method signature="TS01_HomePageValidation.skillsFieldEnableCheck()[pri:0, instance:app.vercel.devProfileEight.tests.TS01_HomePageValidation@193f604a]" name="skillsFieldEnableCheck" class="app.vercel.devProfileEight.tests.TS01_HomePageValidation"/>
        <method signature="TS01_HomePageValidation.subTitleCheck()[pri:0, instance:app.vercel.devProfileEight.tests.TS01_HomePageValidation@193f604a]" name="subTitleCheck" class="app.vercel.devProfileEight.tests.TS01_HomePageValidation"/>
        <method signature="TS01_HomePageValidation.websitesDevelopedEnableCheck()[pri:0, instance:app.vercel.devProfileEight.tests.TS01_HomePageValidation@193f604a]" name="websitesDevelopedEnableCheck" class="app.vercel.devProfileEight.tests.TS01_HomePageValidation"/>
        <method signature="TS02_InputValidation.appsMadeFieldValidationTest(java.lang.String)[pri:0, instance:app.vercel.devProfileEight.tests.TS02_InputValidation@20f5239f]" name="appsMadeFieldValidationTest" class="app.vercel.devProfileEight.tests.TS02_InputValidation"/>
        <method signature="TS02_InputValidation.emailFieldValidationTest(java.lang.String)[pri:0, instance:app.vercel.devProfileEight.tests.TS02_InputValidation@20f5239f]" name="emailFieldValidationTest" class="app.vercel.devProfileEight.tests.TS02_InputValidation"/>
        <method signature="TS02_InputValidation.experienceFieldValidationTest(java.lang.String)[pri:0, instance:app.vercel.devProfileEight.tests.TS02_InputValidation@20f5239f]" name="experienceFieldValidationTest" class="app.vercel.devProfileEight.tests.TS02_InputValidation"/>
        <method signature="TS02_InputValidation.jobTitleFieldValidationTest(java.lang.String)[pri:0, instance:app.vercel.devProfileEight.tests.TS02_InputValidation@20f5239f]" name="jobTitleFieldValidationTest" class="app.vercel.devProfileEight.tests.TS02_InputValidation"/>
        <method signature="TS02_InputValidation.nameFieldValidationTest(java.lang.String)[pri:0, instance:app.vercel.devProfileEight.tests.TS02_InputValidation@20f5239f]" name="nameFieldValidationTest" class="app.vercel.devProfileEight.tests.TS02_InputValidation"/>
        <method signature="TS02_InputValidation.skillsFieldValidationTest(java.lang.String)[pri:0, instance:app.vercel.devProfileEight.tests.TS02_InputValidation@20f5239f]" name="skillsFieldValidationTest" class="app.vercel.devProfileEight.tests.TS02_InputValidation"/>
        <method signature="TS02_InputValidation.websitesDevelopedFieldValidationTest(java.lang.String)[pri:0, instance:app.vercel.devProfileEight.tests.TS02_InputValidation@20f5239f]" name="websitesDevelopedFieldValidationTest" class="app.vercel.devProfileEight.tests.TS02_InputValidation"/>
        <method signature="TS04_PortfolioPageValidation.avatarValidation(java.lang.String,java.lang.String,java.lang.String,java.lang.String,java.lang.String,java.lang.String,java.lang.String)[pri:0, instance:app.vercel.devProfileEight.tests.TS04_PortfolioPageValidation@6bedbc4d]" name="avatarValidation" class="app.vercel.devProfileEight.tests.TS04_PortfolioPageValidation"/>
        <method signature="TS04_PortfolioPageValidation.backBtnValidation(java.lang.String,java.lang.String,java.lang.String,java.lang.String,java.lang.String,java.lang.String,java.lang.String)[pri:0, instance:app.vercel.devProfileEight.tests.TS04_PortfolioPageValidation@6bedbc4d]" name="backBtnValidation" class="app.vercel.devProfileEight.tests.TS04_PortfolioPageValidation"/>
      </group> <!-- Master -->
      <group name="Sanity">
        <method signature="TS01_HomePageValidation.appsMadeEnableCheck()[pri:0, instance:app.vercel.devProfileEight.tests.TS01_HomePageValidation@19d481b]" name="appsMadeEnableCheck" class="app.vercel.devProfileEight.tests.TS01_HomePageValidation"/>
        <method signature="TS01_HomePageValidation.checkWebTitle()[pri:0, instance:app.vercel.devProfileEight.tests.TS01_HomePageValidation@19d481b]" name="checkWebTitle" class="app.vercel.devProfileEight.tests.TS01_HomePageValidation"/>
        <method signature="TS01_HomePageValidation.createPortfolioBtnClickCheck()[pri:0, instance:app.vercel.devProfileEight.tests.TS01_HomePageValidation@19d481b]" name="createPortfolioBtnClickCheck" class="app.vercel.devProfileEight.tests.TS01_HomePageValidation"/>
        <method signature="TS01_HomePageValidation.emailFieldEnableCheck()[pri:0, instance:app.vercel.devProfileEight.tests.TS01_HomePageValidation@19d481b]" name="emailFieldEnableCheck" class="app.vercel.devProfileEight.tests.TS01_HomePageValidation"/>
        <method signature="TS01_HomePageValidation.experienceFieldEnableCheck()[pri:0, instance:app.vercel.devProfileEight.tests.TS01_HomePageValidation@19d481b]" name="experienceFieldEnableCheck" class="app.vercel.devProfileEight.tests.TS01_HomePageValidation"/>
        <method signature="TS01_HomePageValidation.headerCheck()[pri:0, instance:app.vercel.devProfileEight.tests.TS01_HomePageValidation@19d481b]" name="headerCheck" class="app.vercel.devProfileEight.tests.TS01_HomePageValidation"/>
        <method signature="TS01_HomePageValidation.jobTitleFieldEnableCheck()[pri:0, instance:app.vercel.devProfileEight.tests.TS01_HomePageValidation@19d481b]" name="jobTitleFieldEnableCheck" class="app.vercel.devProfileEight.tests.TS01_HomePageValidation"/>
        <method signature="TS01_HomePageValidation.measureBtnClickCheck()[pri:0, instance:app.vercel.devProfileEight.tests.TS01_HomePageValidation@19d481b]" name="measureBtnClickCheck" class="app.vercel.devProfileEight.tests.TS01_HomePageValidation"/>
        <method signature="TS01_HomePageValidation.nameFieldEnableCheck()[pri:0, instance:app.vercel.devProfileEight.tests.TS01_HomePageValidation@19d481b]" name="nameFieldEnableCheck" class="app.vercel.devProfileEight.tests.TS01_HomePageValidation"/>
        <method signature="TS01_HomePageValidation.skillsFieldEnableCheck()[pri:0, instance:app.vercel.devProfileEight.tests.TS01_HomePageValidation@19d481b]" name="skillsFieldEnableCheck" class="app.vercel.devProfileEight.tests.TS01_HomePageValidation"/>
        <method signature="TS01_HomePageValidation.subTitleCheck()[pri:0, instance:app.vercel.devProfileEight.tests.TS01_HomePageValidation@19d481b]" name="subTitleCheck" class="app.vercel.devProfileEight.tests.TS01_HomePageValidation"/>
        <method signature="TS01_HomePageValidation.websitesDevelopedEnableCheck()[pri:0, instance:app.vercel.devProfileEight.tests.TS01_HomePageValidation@19d481b]" name="websitesDevelopedEnableCheck" class="app.vercel.devProfileEight.tests.TS01_HomePageValidation"/>
        <method signature="TS04_PortfolioPageValidation.avatarValidation(java.lang.String,java.lang.String,java.lang.String,java.lang.String,java.lang.String,java.lang.String,java.lang.String)[pri:0, instance:app.vercel.devProfileEight.tests.TS04_PortfolioPageValidation@2e222612]" name="avatarValidation" class="app.vercel.devProfileEight.tests.TS04_PortfolioPageValidation"/>
        <method signature="TS01_HomePageValidation.appsMadeEnableCheck()[pri:0, instance:app.vercel.devProfileEight.tests.TS01_HomePageValidation@193f604a]" name="appsMadeEnableCheck" class="app.vercel.devProfileEight.tests.TS01_HomePageValidation"/>
        <method signature="TS01_HomePageValidation.checkWebTitle()[pri:0, instance:app.vercel.devProfileEight.tests.TS01_HomePageValidation@193f604a]" name="checkWebTitle" class="app.vercel.devProfileEight.tests.TS01_HomePageValidation"/>
        <method signature="TS01_HomePageValidation.createPortfolioBtnClickCheck()[pri:0, instance:app.vercel.devProfileEight.tests.TS01_HomePageValidation@193f604a]" name="createPortfolioBtnClickCheck" class="app.vercel.devProfileEight.tests.TS01_HomePageValidation"/>
        <method signature="TS01_HomePageValidation.emailFieldEnableCheck()[pri:0, instance:app.vercel.devProfileEight.tests.TS01_HomePageValidation@193f604a]" name="emailFieldEnableCheck" class="app.vercel.devProfileEight.tests.TS01_HomePageValidation"/>
        <method signature="TS01_HomePageValidation.experienceFieldEnableCheck()[pri:0, instance:app.vercel.devProfileEight.tests.TS01_HomePageValidation@193f604a]" name="experienceFieldEnableCheck" class="app.vercel.devProfileEight.tests.TS01_HomePageValidation"/>
        <method signature="TS01_HomePageValidation.headerCheck()[pri:0, instance:app.vercel.devProfileEight.tests.TS01_HomePageValidation@193f604a]" name="headerCheck" class="app.vercel.devProfileEight.tests.TS01_HomePageValidation"/>
        <method signature="TS01_HomePageValidation.jobTitleFieldEnableCheck()[pri:0, instance:app.vercel.devProfileEight.tests.TS01_HomePageValidation@193f604a]" name="jobTitleFieldEnableCheck" class="app.vercel.devProfileEight.tests.TS01_HomePageValidation"/>
        <method signature="TS01_HomePageValidation.measureBtnClickCheck()[pri:0, instance:app.vercel.devProfileEight.tests.TS01_HomePageValidation@193f604a]" name="measureBtnClickCheck" class="app.vercel.devProfileEight.tests.TS01_HomePageValidation"/>
        <method signature="TS01_HomePageValidation.nameFieldEnableCheck()[pri:0, instance:app.vercel.devProfileEight.tests.TS01_HomePageValidation@193f604a]" name="nameFieldEnableCheck" class="app.vercel.devProfileEight.tests.TS01_HomePageValidation"/>
        <method signature="TS01_HomePageValidation.skillsFieldEnableCheck()[pri:0, instance:app.vercel.devProfileEight.tests.TS01_HomePageValidation@193f604a]" name="skillsFieldEnableCheck" class="app.vercel.devProfileEight.tests.TS01_HomePageValidation"/>
        <method signature="TS01_HomePageValidation.subTitleCheck()[pri:0, instance:app.vercel.devProfileEight.tests.TS01_HomePageValidation@193f604a]" name="subTitleCheck" class="app.vercel.devProfileEight.tests.TS01_HomePageValidation"/>
        <method signature="TS01_HomePageValidation.websitesDevelopedEnableCheck()[pri:0, instance:app.vercel.devProfileEight.tests.TS01_HomePageValidation@193f604a]" name="websitesDevelopedEnableCheck" class="app.vercel.devProfileEight.tests.TS01_HomePageValidation"/>
        <method signature="TS04_PortfolioPageValidation.avatarValidation(java.lang.String,java.lang.String,java.lang.String,java.lang.String,java.lang.String,java.lang.String,java.lang.String)[pri:0, instance:app.vercel.devProfileEight.tests.TS04_PortfolioPageValidation@6bedbc4d]" name="avatarValidation" class="app.vercel.devProfileEight.tests.TS04_PortfolioPageValidation"/>
      </group> <!-- Sanity -->
    </groups>
    <test started-at="2025-06-02T15:14:30 IST" name="Edge Test" finished-at="2025-06-02T15:17:28 IST" duration-ms="177927">
      <class name="app.vercel.devProfileEight.tests.TS03_PortfolioBtnValidation">
        <test-method is-config="true" signature="setUp(java.lang.String)[pri:0, instance:app.vercel.devProfileEight.tests.TS03_PortfolioBtnValidation@57af006c]" started-at="2025-06-02T15:16:42 IST" name="setUp" finished-at="2025-06-02T15:16:46 IST" duration-ms="4666" status="PASS">
          <params>
            <param index="0">
              <value>
                <![CDATA[Edge]]>
              </value>
            </param>
          </params>
          <reporter-output>
          </reporter-output>
        </test-method> <!-- setUp -->
        <test-method is-config="true" signature="methodSetup(java.lang.reflect.Method)[pri:0, instance:app.vercel.devProfileEight.tests.TS03_PortfolioBtnValidation@57af006c]" started-at="2025-06-02T15:16:46 IST" name="methodSetup" finished-at="2025-06-02T15:16:46 IST" duration-ms="1" status="PASS">
          <params>
            <param index="0">
              <value>
                <![CDATA[public void app.vercel.devProfileEight.tests.TS03_PortfolioBtnValidation.detailsEntryTestAndCreateProfile(java.lang.String,java.lang.String,java.lang.String,java.lang.String,java.lang.String,java.lang.String,java.lang.String,java.lang.String)]]>
              </value>
            </param>
          </params>
          <reporter-output>
          </reporter-output>
        </test-method> <!-- methodSetup -->
        <test-method signature="detailsEntryTestAndCreateProfile(java.lang.String,java.lang.String,java.lang.String,java.lang.String,java.lang.String,java.lang.String,java.lang.String,java.lang.String)[pri:0, instance:app.vercel.devProfileEight.tests.TS03_PortfolioBtnValidation@57af006c]" started-at="2025-06-02T15:16:46 IST" name="detailsEntryTestAndCreateProfile" data-provider="userProfileData" finished-at="2025-06-02T15:16:48 IST" duration-ms="1486" status="FAIL">
          <params>
            <param index="0">
              <value>
                <![CDATA[12345]]>
              </value>
            </param>
            <param index="1">
              <value>
                <![CDATA[xzy@gmail.com]]>
              </value>
            </param>
            <param index="2">
              <value>
                <![CDATA[3]]>
              </value>
            </param>
            <param index="3">
              <value>
                <![CDATA[98765]]>
              </value>
            </param>
            <param index="4">
              <value>
                <![CDATA[5]]>
              </value>
            </param>
            <param index="5">
              <value>
                <![CDATA[4]]>
              </value>
            </param>
            <param index="6">
              <value>
                <![CDATA[$$$$$$$$$$$$]]>
              </value>
            </param>
            <param index="7">
              <value>
                <![CDATA[FALSE]]>
              </value>
            </param>
          </params>
          <exception class="java.lang.AssertionError">
            <message>
              <![CDATA[Invalid details entered still creating portifolio and navigating to portifolio page expected [true] but found [false]]]>
            </message>
            <full-stacktrace>
              <![CDATA[java.lang.AssertionError: Invalid details entered still creating portifolio and navigating to portifolio page expected [true] but found [false]
at org.testng.Assert.fail(Assert.java:111)
at org.testng.Assert.failNotEquals(Assert.java:1590)
at org.testng.Assert.assertTrue(Assert.java:57)
at app.vercel.devProfileEight.tests.TS03_PortfolioBtnValidation.detailsEntryTestAndCreateProfile(TS03_PortfolioBtnValidation.java:38)
at java.base/jdk.internal.reflect.DirectMethodHandleAccessor.invoke(DirectMethodHandleAccessor.java:103)
at java.base/java.lang.reflect.Method.invoke(Method.java:580)
at org.testng.internal.invokers.MethodInvocationHelper.invokeMethod(MethodInvocationHelper.java:141)
at org.testng.internal.invokers.TestInvoker.invokeMethod(TestInvoker.java:687)
at org.testng.internal.invokers.TestInvoker.invokeTestMethod(TestInvoker.java:230)
at org.testng.internal.invokers.MethodRunner.runInSequence(MethodRunner.java:63)
at org.testng.internal.invokers.TestInvoker$MethodInvocationAgent.invoke(TestInvoker.java:995)
at org.testng.internal.invokers.TestInvoker.invokeTestMethods(TestInvoker.java:203)
at org.testng.internal.invokers.TestMethodWorker.invokeTestMethods(TestMethodWorker.java:154)
at org.testng.internal.invokers.TestMethodWorker.run(TestMethodWorker.java:134)
at java.base/java.util.ArrayList.forEach(ArrayList.java:1596)
at org.testng.TestRunner.privateRun(TestRunner.java:741)
at org.testng.TestRunner.run(TestRunner.java:616)
at org.testng.SuiteRunner.runTest(SuiteRunner.java:421)
at org.testng.SuiteRunner$SuiteWorker.run(SuiteRunner.java:463)
at org.testng.internal.thread.ThreadUtil.lambda$execute$0(ThreadUtil.java:64)
at java.base/java.util.concurrent.FutureTask.run(FutureTask.java:317)
at java.base/java.util.concurrent.ThreadPoolExecutor.runWorker(ThreadPoolExecutor.java:1144)
at java.base/java.util.concurrent.ThreadPoolExecutor$Worker.run(ThreadPoolExecutor.java:642)
at java.base/java.lang.Thread.run(Thread.java:1583)
]]>
            </full-stacktrace>
          </exception> <!-- java.lang.AssertionError -->
          <reporter-output>
          </reporter-output>
        </test-method> <!-- detailsEntryTestAndCreateProfile -->
        <test-method is-config="true" signature="methodTearDown()[pri:0, instance:app.vercel.devProfileEight.tests.TS03_PortfolioBtnValidation@57af006c]" started-at="2025-06-02T15:16:48 IST" name="methodTearDown" finished-at="2025-06-02T15:16:48 IST" duration-ms="68" status="PASS">
          <reporter-output>
          </reporter-output>
        </test-method> <!-- methodTearDown -->
        <test-method is-config="true" signature="methodSetup(java.lang.reflect.Method)[pri:0, instance:app.vercel.devProfileEight.tests.TS03_PortfolioBtnValidation@57af006c]" started-at="2025-06-02T15:16:48 IST" name="methodSetup" finished-at="2025-06-02T15:16:48 IST" duration-ms="2" status="PASS">
          <params>
            <param index="0">
              <value>
                <![CDATA[public void app.vercel.devProfileEight.tests.TS03_PortfolioBtnValidation.detailsEntryTestAndCreateProfile(java.lang.String,java.lang.String,java.lang.String,java.lang.String,java.lang.String,java.lang.String,java.lang.String,java.lang.String)]]>
              </value>
            </param>
          </params>
          <reporter-output>
          </reporter-output>
        </test-method> <!-- methodSetup -->
        <test-method signature="detailsEntryTestAndCreateProfile(java.lang.String,java.lang.String,java.lang.String,java.lang.String,java.lang.String,java.lang.String,java.lang.String,java.lang.String)[pri:0, instance:app.vercel.devProfileEight.tests.TS03_PortfolioBtnValidation@57af006c]" started-at="2025-06-02T15:16:48 IST" name="detailsEntryTestAndCreateProfile" data-provider="userProfileData" finished-at="2025-06-02T15:16:50 IST" duration-ms="2343" status="PASS">
          <params>
            <param index="0">
              <value>
                <![CDATA[Prasanna]]>
              </value>
            </param>
            <param index="1">
              <value>
                <![CDATA[prasanna@gmail.com]]>
              </value>
            </param>
            <param index="2">
              <value>
                <![CDATA[6]]>
              </value>
            </param>
            <param index="3">
              <value>
                <![CDATA[Senior Developer]]>
              </value>
            </param>
            <param index="4">
              <value>
                <![CDATA[18.5]]>
              </value>
            </param>
            <param index="5">
              <value>
                <![CDATA[3.9]]>
              </value>
            </param>
            <param index="6">
              <value>
                <![CDATA[Java , Python , C# , Ruby]]>
              </value>
            </param>
            <param index="7">
              <value>
                <![CDATA[FALSE]]>
              </value>
            </param>
          </params>
          <reporter-output>
          </reporter-output>
        </test-method> <!-- detailsEntryTestAndCreateProfile -->
        <test-method is-config="true" signature="methodTearDown()[pri:0, instance:app.vercel.devProfileEight.tests.TS03_PortfolioBtnValidation@57af006c]" started-at="2025-06-02T15:16:50 IST" name="methodTearDown" finished-at="2025-06-02T15:16:51 IST" duration-ms="35" status="PASS">
          <reporter-output>
          </reporter-output>
        </test-method> <!-- methodTearDown -->
        <test-method is-config="true" signature="methodSetup(java.lang.reflect.Method)[pri:0, instance:app.vercel.devProfileEight.tests.TS03_PortfolioBtnValidation@57af006c]" started-at="2025-06-02T15:16:51 IST" name="methodSetup" finished-at="2025-06-02T15:16:51 IST" duration-ms="1" status="PASS">
          <params>
            <param index="0">
              <value>
                <![CDATA[public void app.vercel.devProfileEight.tests.TS03_PortfolioBtnValidation.detailsEntryTestAndCreateProfile(java.lang.String,java.lang.String,java.lang.String,java.lang.String,java.lang.String,java.lang.String,java.lang.String,java.lang.String)]]>
              </value>
            </param>
          </params>
          <reporter-output>
          </reporter-output>
        </test-method> <!-- methodSetup -->
        <test-method signature="detailsEntryTestAndCreateProfile(java.lang.String,java.lang.String,java.lang.String,java.lang.String,java.lang.String,java.lang.String,java.lang.String,java.lang.String)[pri:0, instance:app.vercel.devProfileEight.tests.TS03_PortfolioBtnValidation@57af006c]" started-at="2025-06-02T15:16:51 IST" name="detailsEntryTestAndCreateProfile" data-provider="userProfileData" finished-at="2025-06-02T15:16:52 IST" duration-ms="1382" status="PASS">
          <params>
            <param index="0">
              <value>
                <![CDATA[Maha]]>
              </value>
            </param>
            <param index="1">
              <value>
                <![CDATA[9442385]]>
              </value>
            </param>
            <param index="2">
              <value>
                <![CDATA[2]]>
              </value>
            </param>
            <param index="3">
              <value>
                <![CDATA[SDE]]>
              </value>
            </param>
            <param index="4">
              <value>
                <![CDATA[6]]>
              </value>
            </param>
            <param index="5">
              <value>
                <![CDATA[1]]>
              </value>
            </param>
            <param index="6">
              <value>
                <![CDATA[JS , Java , React , Python]]>
              </value>
            </param>
            <param index="7">
              <value>
                <![CDATA[FALSE]]>
              </value>
            </param>
          </params>
          <reporter-output>
          </reporter-output>
        </test-method> <!-- detailsEntryTestAndCreateProfile -->
        <test-method is-config="true" signature="methodTearDown()[pri:0, instance:app.vercel.devProfileEight.tests.TS03_PortfolioBtnValidation@57af006c]" started-at="2025-06-02T15:16:52 IST" name="methodTearDown" finished-at="2025-06-02T15:16:52 IST" duration-ms="10" status="PASS">
          <reporter-output>
          </reporter-output>
        </test-method> <!-- methodTearDown -->
        <test-method is-config="true" signature="methodSetup(java.lang.reflect.Method)[pri:0, instance:app.vercel.devProfileEight.tests.TS03_PortfolioBtnValidation@57af006c]" started-at="2025-06-02T15:16:52 IST" name="methodSetup" finished-at="2025-06-02T15:16:52 IST" duration-ms="1" status="PASS">
          <params>
            <param index="0">
              <value>
                <![CDATA[public void app.vercel.devProfileEight.tests.TS03_PortfolioBtnValidation.detailsEntryTestAndCreateProfile(java.lang.String,java.lang.String,java.lang.String,java.lang.String,java.lang.String,java.lang.String,java.lang.String,java.lang.String)]]>
              </value>
            </param>
          </params>
          <reporter-output>
          </reporter-output>
        </test-method> <!-- methodSetup -->
        <test-method signature="detailsEntryTestAndCreateProfile(java.lang.String,java.lang.String,java.lang.String,java.lang.String,java.lang.String,java.lang.String,java.lang.String,java.lang.String)[pri:0, instance:app.vercel.devProfileEight.tests.TS03_PortfolioBtnValidation@57af006c]" started-at="2025-06-02T15:16:52 IST" name="detailsEntryTestAndCreateProfile" data-provider="userProfileData" finished-at="2025-06-02T15:16:53 IST" duration-ms="960" status="PASS">
          <params>
            <param index="0">
              <value>
                <![CDATA[Jeremiah]]>
              </value>
            </param>
            <param index="1">
              <value>
                <![CDATA[jere1774@gmail.com]]>
              </value>
            </param>
            <param index="2">
              <value>
                <![CDATA[3]]>
              </value>
            </param>
            <param index="3">
              <value>
                <![CDATA[Programmer Analyst]]>
              </value>
            </param>
            <param index="4">
              <value>
                <![CDATA[-5]]>
              </value>
            </param>
            <param index="5">
              <value>
                <![CDATA[-2]]>
              </value>
            </param>
            <param index="6">
              <value>
                <![CDATA[C,C++,Java,Node,Express]]>
              </value>
            </param>
            <param index="7">
              <value>
                <![CDATA[FALSE]]>
              </value>
            </param>
          </params>
          <reporter-output>
          </reporter-output>
        </test-method> <!-- detailsEntryTestAndCreateProfile -->
        <test-method is-config="true" signature="methodTearDown()[pri:0, instance:app.vercel.devProfileEight.tests.TS03_PortfolioBtnValidation@57af006c]" started-at="2025-06-02T15:16:53 IST" name="methodTearDown" finished-at="2025-06-02T15:16:53 IST" duration-ms="15" status="PASS">
          <reporter-output>
          </reporter-output>
        </test-method> <!-- methodTearDown -->
        <test-method signature="detailsEntryTestAndCreateProfile(java.lang.String,java.lang.String,java.lang.String,java.lang.String,java.lang.String,java.lang.String,java.lang.String,java.lang.String)[pri:0, instance:app.vercel.devProfileEight.tests.TS03_PortfolioBtnValidation@57af006c]" started-at="2025-06-02T15:16:53 IST" name="detailsEntryTestAndCreateProfile" data-provider="userProfileData" finished-at="2025-06-02T15:16:54 IST" duration-ms="1446" status="PASS">
          <params>
            <param index="0">
              <value>
                <![CDATA[Conrad]]>
              </value>
            </param>
            <param index="1">
              <value>
                <![CDATA[conrad65@gmail.com]]>
              </value>
            </param>
            <param index="2">
              <value>
                <![CDATA[4]]>
              </value>
            </param>
            <param index="3">
              <value>
                <![CDATA[Senior Developer]]>
              </value>
            </param>
            <param index="4">
              <value>
                <![CDATA[16]]>
              </value>
            </param>
            <param index="5">
              <value>
                <![CDATA[4]]>
              </value>
            </param>
            <param index="6">
              <value>
                <![CDATA[JS , Java , React , PythonC,Node,Express]]>
              </value>
            </param>
            <param index="7">
              <value>
                <![CDATA[TRUE]]>
              </value>
            </param>
          </params>
          <reporter-output>
          </reporter-output>
        </test-method> <!-- detailsEntryTestAndCreateProfile -->
        <test-method is-config="true" signature="methodSetup(java.lang.reflect.Method)[pri:0, instance:app.vercel.devProfileEight.tests.TS03_PortfolioBtnValidation@57af006c]" started-at="2025-06-02T15:16:53 IST" name="methodSetup" finished-at="2025-06-02T15:16:53 IST" duration-ms="0" status="PASS">
          <params>
            <param index="0">
              <value>
                <![CDATA[public void app.vercel.devProfileEight.tests.TS03_PortfolioBtnValidation.detailsEntryTestAndCreateProfile(java.lang.String,java.lang.String,java.lang.String,java.lang.String,java.lang.String,java.lang.String,java.lang.String,java.lang.String)]]>
              </value>
            </param>
          </params>
          <reporter-output>
          </reporter-output>
        </test-method> <!-- methodSetup -->
        <test-method is-config="true" signature="methodTearDown()[pri:0, instance:app.vercel.devProfileEight.tests.TS03_PortfolioBtnValidation@57af006c]" started-at="2025-06-02T15:16:54 IST" name="methodTearDown" finished-at="2025-06-02T15:16:54 IST" duration-ms="26" status="PASS">
          <reporter-output>
          </reporter-output>
        </test-method> <!-- methodTearDown -->
        <test-method signature="detailsEntryTestAndCreateProfile(java.lang.String,java.lang.String,java.lang.String,java.lang.String,java.lang.String,java.lang.String,java.lang.String,java.lang.String)[pri:0, instance:app.vercel.devProfileEight.tests.TS03_PortfolioBtnValidation@57af006c]" started-at="2025-06-02T15:16:54 IST" name="detailsEntryTestAndCreateProfile" data-provider="userProfileData" finished-at="2025-06-02T15:16:56 IST" duration-ms="1858" status="PASS">
          <params>
            <param index="0">
              <value>
                <![CDATA[Steven]]>
              </value>
            </param>
            <param index="1">
              <value>
                <![CDATA[steven345@gmail.com]]>
              </value>
            </param>
            <param index="2">
              <value>
                <![CDATA[5]]>
              </value>
            </param>
            <param index="3">
              <value>
                <![CDATA[SDE]]>
              </value>
            </param>
            <param index="4">
              <value>
                <![CDATA[b]]>
              </value>
            </param>
            <param index="5">
              <value>
                <![CDATA[c]]>
              </value>
            </param>
            <param index="6">
              <value>
                <![CDATA[Java , Python , C# ]]>
              </value>
            </param>
            <param index="7">
              <value>
                <![CDATA[FALSE]]>
              </value>
            </param>
          </params>
          <reporter-output>
          </reporter-output>
        </test-method> <!-- detailsEntryTestAndCreateProfile -->
        <test-method is-config="true" signature="methodSetup(java.lang.reflect.Method)[pri:0, instance:app.vercel.devProfileEight.tests.TS03_PortfolioBtnValidation@57af006c]" started-at="2025-06-02T15:16:54 IST" name="methodSetup" finished-at="2025-06-02T15:16:54 IST" duration-ms="0" status="PASS">
          <params>
            <param index="0">
              <value>
                <![CDATA[public void app.vercel.devProfileEight.tests.TS03_PortfolioBtnValidation.detailsEntryTestAndCreateProfile(java.lang.String,java.lang.String,java.lang.String,java.lang.String,java.lang.String,java.lang.String,java.lang.String,java.lang.String)]]>
              </value>
            </param>
          </params>
          <reporter-output>
          </reporter-output>
        </test-method> <!-- methodSetup -->
        <test-method is-config="true" signature="methodTearDown()[pri:0, instance:app.vercel.devProfileEight.tests.TS03_PortfolioBtnValidation@57af006c]" started-at="2025-06-02T15:16:56 IST" name="methodTearDown" finished-at="2025-06-02T15:16:56 IST" duration-ms="26" status="PASS">
          <reporter-output>
          </reporter-output>
        </test-method> <!-- methodTearDown -->
        <test-method is-config="true" signature="methodSetup(java.lang.reflect.Method)[pri:0, instance:app.vercel.devProfileEight.tests.TS03_PortfolioBtnValidation@57af006c]" started-at="2025-06-02T15:16:56 IST" name="methodSetup" finished-at="2025-06-02T15:16:56 IST" duration-ms="1" status="PASS">
          <params>
            <param index="0">
              <value>
                <![CDATA[public void app.vercel.devProfileEight.tests.TS03_PortfolioBtnValidation.detailsEntryTestAndCreateProfile(java.lang.String,java.lang.String,java.lang.String,java.lang.String,java.lang.String,java.lang.String,java.lang.String,java.lang.String)]]>
              </value>
            </param>
          </params>
          <reporter-output>
          </reporter-output>
        </test-method> <!-- methodSetup -->
        <test-method signature="detailsEntryTestAndCreateProfile(java.lang.String,java.lang.String,java.lang.String,java.lang.String,java.lang.String,java.lang.String,java.lang.String,java.lang.String)[pri:0, instance:app.vercel.devProfileEight.tests.TS03_PortfolioBtnValidation@57af006c]" started-at="2025-06-02T15:16:56 IST" name="detailsEntryTestAndCreateProfile" data-provider="userProfileData" finished-at="2025-06-02T15:16:59 IST" duration-ms="2364" status="FAIL">
          <params>
            <param index="0">
              <value>
                <![CDATA[Jeremiah987]]>
              </value>
            </param>
            <param index="1">
              <value>
                <![CDATA[jere1774@gmail.com]]>
              </value>
            </param>
            <param index="2">
              <value>
                <![CDATA[3]]>
              </value>
            </param>
            <param index="3">
              <value>
                <![CDATA[Programmer Analyst]]>
              </value>
            </param>
            <param index="4">
              <value>
                <![CDATA[5]]>
              </value>
            </param>
            <param index="5">
              <value>
                <![CDATA[2]]>
              </value>
            </param>
            <param index="6">
              <value>
                <![CDATA[C,C++,Java,Node,Express]]>
              </value>
            </param>
            <param index="7">
              <value>
                <![CDATA[FALSE]]>
              </value>
            </param>
          </params>
          <exception class="java.lang.AssertionError">
            <message>
              <![CDATA[Invalid details entered still creating portifolio and navigating to portifolio page expected [true] but found [false]]]>
            </message>
            <full-stacktrace>
              <![CDATA[java.lang.AssertionError: Invalid details entered still creating portifolio and navigating to portifolio page expected [true] but found [false]
at org.testng.Assert.fail(Assert.java:111)
at org.testng.Assert.failNotEquals(Assert.java:1590)
at org.testng.Assert.assertTrue(Assert.java:57)
at app.vercel.devProfileEight.tests.TS03_PortfolioBtnValidation.detailsEntryTestAndCreateProfile(TS03_PortfolioBtnValidation.java:38)
at java.base/jdk.internal.reflect.DirectMethodHandleAccessor.invoke(DirectMethodHandleAccessor.java:103)
at java.base/java.lang.reflect.Method.invoke(Method.java:580)
at org.testng.internal.invokers.MethodInvocationHelper.invokeMethod(MethodInvocationHelper.java:141)
at org.testng.internal.invokers.TestInvoker.invokeMethod(TestInvoker.java:687)
at org.testng.internal.invokers.TestInvoker.invokeTestMethod(TestInvoker.java:230)
at org.testng.internal.invokers.MethodRunner.runInSequence(MethodRunner.java:63)
at org.testng.internal.invokers.TestInvoker$MethodInvocationAgent.invoke(TestInvoker.java:995)
at org.testng.internal.invokers.TestInvoker.invokeTestMethods(TestInvoker.java:203)
at org.testng.internal.invokers.TestMethodWorker.invokeTestMethods(TestMethodWorker.java:154)
at org.testng.internal.invokers.TestMethodWorker.run(TestMethodWorker.java:134)
at java.base/java.util.ArrayList.forEach(ArrayList.java:1596)
at org.testng.TestRunner.privateRun(TestRunner.java:741)
at org.testng.TestRunner.run(TestRunner.java:616)
at org.testng.SuiteRunner.runTest(SuiteRunner.java:421)
at org.testng.SuiteRunner$SuiteWorker.run(SuiteRunner.java:463)
at org.testng.internal.thread.ThreadUtil.lambda$execute$0(ThreadUtil.java:64)
at java.base/java.util.concurrent.FutureTask.run(FutureTask.java:317)
at java.base/java.util.concurrent.ThreadPoolExecutor.runWorker(ThreadPoolExecutor.java:1144)
at java.base/java.util.concurrent.ThreadPoolExecutor$Worker.run(ThreadPoolExecutor.java:642)
at java.base/java.lang.Thread.run(Thread.java:1583)
]]>
            </full-stacktrace>
          </exception> <!-- java.lang.AssertionError -->
          <reporter-output>
          </reporter-output>
        </test-method> <!-- detailsEntryTestAndCreateProfile -->
        <test-method is-config="true" signature="methodTearDown()[pri:0, instance:app.vercel.devProfileEight.tests.TS03_PortfolioBtnValidation@57af006c]" started-at="2025-06-02T15:16:59 IST" name="methodTearDown" finished-at="2025-06-02T15:16:59 IST" duration-ms="39" status="PASS">
          <reporter-output>
          </reporter-output>
        </test-method> <!-- methodTearDown -->
        <test-method is-config="true" signature="methodSetup(java.lang.reflect.Method)[pri:0, instance:app.vercel.devProfileEight.tests.TS03_PortfolioBtnValidation@57af006c]" started-at="2025-06-02T15:16:59 IST" name="methodSetup" finished-at="2025-06-02T15:16:59 IST" duration-ms="1" status="PASS">
          <params>
            <param index="0">
              <value>
                <![CDATA[public void app.vercel.devProfileEight.tests.TS03_PortfolioBtnValidation.detailsEntryTestAndCreateProfile(java.lang.String,java.lang.String,java.lang.String,java.lang.String,java.lang.String,java.lang.String,java.lang.String,java.lang.String)]]>
              </value>
            </param>
          </params>
          <reporter-output>
          </reporter-output>
        </test-method> <!-- methodSetup -->
        <test-method signature="detailsEntryTestAndCreateProfile(java.lang.String,java.lang.String,java.lang.String,java.lang.String,java.lang.String,java.lang.String,java.lang.String,java.lang.String)[pri:0, instance:app.vercel.devProfileEight.tests.TS03_PortfolioBtnValidation@57af006c]" started-at="2025-06-02T15:16:59 IST" name="detailsEntryTestAndCreateProfile" data-provider="userProfileData" finished-at="2025-06-02T15:17:00 IST" duration-ms="1417" status="PASS">
          <params>
            <param index="0">
              <value>
                <![CDATA[]]>
              </value>
            </param>
            <param index="1">
              <value>
                <![CDATA[jere1774@gmail.com]]>
              </value>
            </param>
            <param index="2">
              <value>
                <![CDATA[3]]>
              </value>
            </param>
            <param index="3">
              <value>
                <![CDATA[Programmer Analyst]]>
              </value>
            </param>
            <param index="4">
              <value>
                <![CDATA[5]]>
              </value>
            </param>
            <param index="5">
              <value>
                <![CDATA[2]]>
              </value>
            </param>
            <param index="6">
              <value>
                <![CDATA[C,C++,Java,Node,Express]]>
              </value>
            </param>
            <param index="7">
              <value>
                <![CDATA[FALSE]]>
              </value>
            </param>
          </params>
          <reporter-output>
          </reporter-output>
        </test-method> <!-- detailsEntryTestAndCreateProfile -->
        <test-method is-config="true" signature="methodTearDown()[pri:0, instance:app.vercel.devProfileEight.tests.TS03_PortfolioBtnValidation@57af006c]" started-at="2025-06-02T15:17:00 IST" name="methodTearDown" finished-at="2025-06-02T15:17:00 IST" duration-ms="36" status="PASS">
          <reporter-output>
          </reporter-output>
        </test-method> <!-- methodTearDown -->
        <test-method signature="detailsEntryTestAndCreateProfile(java.lang.String,java.lang.String,java.lang.String,java.lang.String,java.lang.String,java.lang.String,java.lang.String,java.lang.String)[pri:0, instance:app.vercel.devProfileEight.tests.TS03_PortfolioBtnValidation@57af006c]" started-at="2025-06-02T15:17:00 IST" name="detailsEntryTestAndCreateProfile" data-provider="userProfileData" finished-at="2025-06-02T15:17:02 IST" duration-ms="1220" status="PASS">
          <params>
            <param index="0">
              <value>
                <![CDATA[Jeremiah]]>
              </value>
            </param>
            <param index="1">
              <value>
                <![CDATA[]]>
              </value>
            </param>
            <param index="2">
              <value>
                <![CDATA[3]]>
              </value>
            </param>
            <param index="3">
              <value>
                <![CDATA[Programmer Analyst]]>
              </value>
            </param>
            <param index="4">
              <value>
                <![CDATA[5]]>
              </value>
            </param>
            <param index="5">
              <value>
                <![CDATA[2]]>
              </value>
            </param>
            <param index="6">
              <value>
                <![CDATA[C,C++,Java,Node,Express]]>
              </value>
            </param>
            <param index="7">
              <value>
                <![CDATA[FALSE]]>
              </value>
            </param>
          </params>
          <reporter-output>
          </reporter-output>
        </test-method> <!-- detailsEntryTestAndCreateProfile -->
        <test-method is-config="true" signature="methodSetup(java.lang.reflect.Method)[pri:0, instance:app.vercel.devProfileEight.tests.TS03_PortfolioBtnValidation@57af006c]" started-at="2025-06-02T15:17:00 IST" name="methodSetup" finished-at="2025-06-02T15:17:00 IST" duration-ms="0" status="PASS">
          <params>
            <param index="0">
              <value>
                <![CDATA[public void app.vercel.devProfileEight.tests.TS03_PortfolioBtnValidation.detailsEntryTestAndCreateProfile(java.lang.String,java.lang.String,java.lang.String,java.lang.String,java.lang.String,java.lang.String,java.lang.String,java.lang.String)]]>
              </value>
            </param>
          </params>
          <reporter-output>
          </reporter-output>
        </test-method> <!-- methodSetup -->
        <test-method is-config="true" signature="methodTearDown()[pri:0, instance:app.vercel.devProfileEight.tests.TS03_PortfolioBtnValidation@57af006c]" started-at="2025-06-02T15:17:02 IST" name="methodTearDown" finished-at="2025-06-02T15:17:02 IST" duration-ms="16" status="PASS">
          <reporter-output>
          </reporter-output>
        </test-method> <!-- methodTearDown -->
        <test-method signature="detailsEntryTestAndCreateProfile(java.lang.String,java.lang.String,java.lang.String,java.lang.String,java.lang.String,java.lang.String,java.lang.String,java.lang.String)[pri:0, instance:app.vercel.devProfileEight.tests.TS03_PortfolioBtnValidation@57af006c]" started-at="2025-06-02T15:17:02 IST" name="detailsEntryTestAndCreateProfile" data-provider="userProfileData" finished-at="2025-06-02T15:17:03 IST" duration-ms="1007" status="PASS">
          <params>
            <param index="0">
              <value>
                <![CDATA[Jeremiah]]>
              </value>
            </param>
            <param index="1">
              <value>
                <![CDATA[jere1774@gmail.com]]>
              </value>
            </param>
            <param index="2">
              <value>
                <![CDATA[]]>
              </value>
            </param>
            <param index="3">
              <value>
                <![CDATA[Programmer Analyst]]>
              </value>
            </param>
            <param index="4">
              <value>
                <![CDATA[5]]>
              </value>
            </param>
            <param index="5">
              <value>
                <![CDATA[2]]>
              </value>
            </param>
            <param index="6">
              <value>
                <![CDATA[C,C++,Java,Node,Express]]>
              </value>
            </param>
            <param index="7">
              <value>
                <![CDATA[FALSE]]>
              </value>
            </param>
          </params>
          <reporter-output>
          </reporter-output>
        </test-method> <!-- detailsEntryTestAndCreateProfile -->
        <test-method is-config="true" signature="methodSetup(java.lang.reflect.Method)[pri:0, instance:app.vercel.devProfileEight.tests.TS03_PortfolioBtnValidation@57af006c]" started-at="2025-06-02T15:17:02 IST" name="methodSetup" finished-at="2025-06-02T15:17:02 IST" duration-ms="0" status="PASS">
          <params>
            <param index="0">
              <value>
                <![CDATA[public void app.vercel.devProfileEight.tests.TS03_PortfolioBtnValidation.detailsEntryTestAndCreateProfile(java.lang.String,java.lang.String,java.lang.String,java.lang.String,java.lang.String,java.lang.String,java.lang.String,java.lang.String)]]>
              </value>
            </param>
          </params>
          <reporter-output>
          </reporter-output>
        </test-method> <!-- methodSetup -->
        <test-method is-config="true" signature="methodTearDown()[pri:0, instance:app.vercel.devProfileEight.tests.TS03_PortfolioBtnValidation@57af006c]" started-at="2025-06-02T15:17:03 IST" name="methodTearDown" finished-at="2025-06-02T15:17:03 IST" duration-ms="15" status="PASS">
          <reporter-output>
          </reporter-output>
        </test-method> <!-- methodTearDown -->
        <test-method is-config="true" signature="methodSetup(java.lang.reflect.Method)[pri:0, instance:app.vercel.devProfileEight.tests.TS03_PortfolioBtnValidation@57af006c]" started-at="2025-06-02T15:17:03 IST" name="methodSetup" finished-at="2025-06-02T15:17:03 IST" duration-ms="1" status="PASS">
          <params>
            <param index="0">
              <value>
                <![CDATA[public void app.vercel.devProfileEight.tests.TS03_PortfolioBtnValidation.detailsEntryTestAndCreateProfile(java.lang.String,java.lang.String,java.lang.String,java.lang.String,java.lang.String,java.lang.String,java.lang.String,java.lang.String)]]>
              </value>
            </param>
          </params>
          <reporter-output>
          </reporter-output>
        </test-method> <!-- methodSetup -->
        <test-method signature="detailsEntryTestAndCreateProfile(java.lang.String,java.lang.String,java.lang.String,java.lang.String,java.lang.String,java.lang.String,java.lang.String,java.lang.String)[pri:0, instance:app.vercel.devProfileEight.tests.TS03_PortfolioBtnValidation@57af006c]" started-at="2025-06-02T15:17:03 IST" name="detailsEntryTestAndCreateProfile" data-provider="userProfileData" finished-at="2025-06-02T15:17:05 IST" duration-ms="1958" status="PASS">
          <params>
            <param index="0">
              <value>
                <![CDATA[Jeremiah]]>
              </value>
            </param>
            <param index="1">
              <value>
                <![CDATA[jere1774@gmail.com]]>
              </value>
            </param>
            <param index="2">
              <value>
                <![CDATA[3]]>
              </value>
            </param>
            <param index="3">
              <value>
                <![CDATA[]]>
              </value>
            </param>
            <param index="4">
              <value>
                <![CDATA[5]]>
              </value>
            </param>
            <param index="5">
              <value>
                <![CDATA[2]]>
              </value>
            </param>
            <param index="6">
              <value>
                <![CDATA[C,C++,Java,Node,Express]]>
              </value>
            </param>
            <param index="7">
              <value>
                <![CDATA[FALSE]]>
              </value>
            </param>
          </params>
          <reporter-output>
          </reporter-output>
        </test-method> <!-- detailsEntryTestAndCreateProfile -->
        <test-method is-config="true" signature="methodTearDown()[pri:0, instance:app.vercel.devProfileEight.tests.TS03_PortfolioBtnValidation@57af006c]" started-at="2025-06-02T15:17:05 IST" name="methodTearDown" finished-at="2025-06-02T15:17:05 IST" duration-ms="33" status="PASS">
          <reporter-output>
          </reporter-output>
        </test-method> <!-- methodTearDown -->
        <test-method is-config="true" signature="methodSetup(java.lang.reflect.Method)[pri:0, instance:app.vercel.devProfileEight.tests.TS03_PortfolioBtnValidation@57af006c]" started-at="2025-06-02T15:17:05 IST" name="methodSetup" finished-at="2025-06-02T15:17:05 IST" duration-ms="3" status="PASS">
          <params>
            <param index="0">
              <value>
                <![CDATA[public void app.vercel.devProfileEight.tests.TS03_PortfolioBtnValidation.detailsEntryTestAndCreateProfile(java.lang.String,java.lang.String,java.lang.String,java.lang.String,java.lang.String,java.lang.String,java.lang.String,java.lang.String)]]>
              </value>
            </param>
          </params>
          <reporter-output>
          </reporter-output>
        </test-method> <!-- methodSetup -->
        <test-method signature="detailsEntryTestAndCreateProfile(java.lang.String,java.lang.String,java.lang.String,java.lang.String,java.lang.String,java.lang.String,java.lang.String,java.lang.String)[pri:0, instance:app.vercel.devProfileEight.tests.TS03_PortfolioBtnValidation@57af006c]" started-at="2025-06-02T15:17:05 IST" name="detailsEntryTestAndCreateProfile" data-provider="userProfileData" finished-at="2025-06-02T15:17:06 IST" duration-ms="1489" status="PASS">
          <params>
            <param index="0">
              <value>
                <![CDATA[Jeremiah]]>
              </value>
            </param>
            <param index="1">
              <value>
                <![CDATA[jere1774@gmail.com]]>
              </value>
            </param>
            <param index="2">
              <value>
                <![CDATA[3]]>
              </value>
            </param>
            <param index="3">
              <value>
                <![CDATA[Programmer Analyst]]>
              </value>
            </param>
            <param index="4">
              <value>
                <![CDATA[]]>
              </value>
            </param>
            <param index="5">
              <value>
                <![CDATA[2]]>
              </value>
            </param>
            <param index="6">
              <value>
                <![CDATA[C,C++,Java,Node,Express]]>
              </value>
            </param>
            <param index="7">
              <value>
                <![CDATA[FALSE]]>
              </value>
            </param>
          </params>
          <reporter-output>
          </reporter-output>
        </test-method> <!-- detailsEntryTestAndCreateProfile -->
        <test-method is-config="true" signature="methodTearDown()[pri:0, instance:app.vercel.devProfileEight.tests.TS03_PortfolioBtnValidation@57af006c]" started-at="2025-06-02T15:17:06 IST" name="methodTearDown" finished-at="2025-06-02T15:17:06 IST" duration-ms="32" status="PASS">
          <reporter-output>
          </reporter-output>
        </test-method> <!-- methodTearDown -->
        <test-method signature="detailsEntryTestAndCreateProfile(java.lang.String,java.lang.String,java.lang.String,java.lang.String,java.lang.String,java.lang.String,java.lang.String,java.lang.String)[pri:0, instance:app.vercel.devProfileEight.tests.TS03_PortfolioBtnValidation@57af006c]" started-at="2025-06-02T15:17:06 IST" name="detailsEntryTestAndCreateProfile" data-provider="userProfileData" finished-at="2025-06-02T15:17:07 IST" duration-ms="877" status="PASS">
          <params>
            <param index="0">
              <value>
                <![CDATA[Jeremiah]]>
              </value>
            </param>
            <param index="1">
              <value>
                <![CDATA[jere1774@gmail.com]]>
              </value>
            </param>
            <param index="2">
              <value>
                <![CDATA[3]]>
              </value>
            </param>
            <param index="3">
              <value>
                <![CDATA[Programmer Analyst]]>
              </value>
            </param>
            <param index="4">
              <value>
                <![CDATA[5]]>
              </value>
            </param>
            <param index="5">
              <value>
                <![CDATA[]]>
              </value>
            </param>
            <param index="6">
              <value>
                <![CDATA[C,C++,Java,Node,Express]]>
              </value>
            </param>
            <param index="7">
              <value>
                <![CDATA[FALSE]]>
              </value>
            </param>
          </params>
          <reporter-output>
          </reporter-output>
        </test-method> <!-- detailsEntryTestAndCreateProfile -->
        <test-method is-config="true" signature="methodSetup(java.lang.reflect.Method)[pri:0, instance:app.vercel.devProfileEight.tests.TS03_PortfolioBtnValidation@57af006c]" started-at="2025-06-02T15:17:06 IST" name="methodSetup" finished-at="2025-06-02T15:17:06 IST" duration-ms="0" status="PASS">
          <params>
            <param index="0">
              <value>
                <![CDATA[public void app.vercel.devProfileEight.tests.TS03_PortfolioBtnValidation.detailsEntryTestAndCreateProfile(java.lang.String,java.lang.String,java.lang.String,java.lang.String,java.lang.String,java.lang.String,java.lang.String,java.lang.String)]]>
              </value>
            </param>
          </params>
          <reporter-output>
          </reporter-output>
        </test-method> <!-- methodSetup -->
        <test-method is-config="true" signature="methodTearDown()[pri:0, instance:app.vercel.devProfileEight.tests.TS03_PortfolioBtnValidation@57af006c]" started-at="2025-06-02T15:17:07 IST" name="methodTearDown" finished-at="2025-06-02T15:17:07 IST" duration-ms="12" status="PASS">
          <reporter-output>
          </reporter-output>
        </test-method> <!-- methodTearDown -->
        <test-method is-config="true" signature="methodSetup(java.lang.reflect.Method)[pri:0, instance:app.vercel.devProfileEight.tests.TS03_PortfolioBtnValidation@57af006c]" started-at="2025-06-02T15:17:07 IST" name="methodSetup" finished-at="2025-06-02T15:17:07 IST" duration-ms="1" status="PASS">
          <params>
            <param index="0">
              <value>
                <![CDATA[public void app.vercel.devProfileEight.tests.TS03_PortfolioBtnValidation.detailsEntryTestAndCreateProfile(java.lang.String,java.lang.String,java.lang.String,java.lang.String,java.lang.String,java.lang.String,java.lang.String,java.lang.String)]]>
              </value>
            </param>
          </params>
          <reporter-output>
          </reporter-output>
        </test-method> <!-- methodSetup -->
        <test-method signature="detailsEntryTestAndCreateProfile(java.lang.String,java.lang.String,java.lang.String,java.lang.String,java.lang.String,java.lang.String,java.lang.String,java.lang.String)[pri:0, instance:app.vercel.devProfileEight.tests.TS03_PortfolioBtnValidation@57af006c]" started-at="2025-06-02T15:17:07 IST" name="detailsEntryTestAndCreateProfile" data-provider="userProfileData" finished-at="2025-06-02T15:17:08 IST" duration-ms="1156" status="PASS">
          <params>
            <param index="0">
              <value>
                <![CDATA[Jeremiah]]>
              </value>
            </param>
            <param index="1">
              <value>
                <![CDATA[jere1774@gmail.com]]>
              </value>
            </param>
            <param index="2">
              <value>
                <![CDATA[3]]>
              </value>
            </param>
            <param index="3">
              <value>
                <![CDATA[Programmer Analyst]]>
              </value>
            </param>
            <param index="4">
              <value>
                <![CDATA[5]]>
              </value>
            </param>
            <param index="5">
              <value>
                <![CDATA[2]]>
              </value>
            </param>
            <param index="6">
              <value>
                <![CDATA[]]>
              </value>
            </param>
            <param index="7">
              <value>
                <![CDATA[TRUE]]>
              </value>
            </param>
          </params>
          <reporter-output>
          </reporter-output>
        </test-method> <!-- detailsEntryTestAndCreateProfile -->
        <test-method is-config="true" signature="methodTearDown()[pri:0, instance:app.vercel.devProfileEight.tests.TS03_PortfolioBtnValidation@57af006c]" started-at="2025-06-02T15:17:08 IST" name="methodTearDown" finished-at="2025-06-02T15:17:08 IST" duration-ms="28" status="PASS">
          <reporter-output>
          </reporter-output>
        </test-method> <!-- methodTearDown -->
        <test-method signature="detailsEntryTestAndCreateProfile(java.lang.String,java.lang.String,java.lang.String,java.lang.String,java.lang.String,java.lang.String,java.lang.String,java.lang.String)[pri:0, instance:app.vercel.devProfileEight.tests.TS03_PortfolioBtnValidation@57af006c]" started-at="2025-06-02T15:17:08 IST" name="detailsEntryTestAndCreateProfile" data-provider="userProfileData" finished-at="2025-06-02T15:17:10 IST" duration-ms="1285" status="FAIL">
          <params>
            <param index="0">
              <value>
                <![CDATA[Jeremiah@@987]]>
              </value>
            </param>
            <param index="1">
              <value>
                <![CDATA[jere1774@gmail.com]]>
              </value>
            </param>
            <param index="2">
              <value>
                <![CDATA[3]]>
              </value>
            </param>
            <param index="3">
              <value>
                <![CDATA[Programmer Analyst]]>
              </value>
            </param>
            <param index="4">
              <value>
                <![CDATA[5]]>
              </value>
            </param>
            <param index="5">
              <value>
                <![CDATA[2]]>
              </value>
            </param>
            <param index="6">
              <value>
                <![CDATA[C,C++,Java,Node,Express]]>
              </value>
            </param>
            <param index="7">
              <value>
                <![CDATA[FALSE]]>
              </value>
            </param>
          </params>
          <exception class="java.lang.AssertionError">
            <message>
              <![CDATA[Invalid details entered still creating portifolio and navigating to portifolio page expected [true] but found [false]]]>
            </message>
            <full-stacktrace>
              <![CDATA[java.lang.AssertionError: Invalid details entered still creating portifolio and navigating to portifolio page expected [true] but found [false]
at org.testng.Assert.fail(Assert.java:111)
at org.testng.Assert.failNotEquals(Assert.java:1590)
at org.testng.Assert.assertTrue(Assert.java:57)
at app.vercel.devProfileEight.tests.TS03_PortfolioBtnValidation.detailsEntryTestAndCreateProfile(TS03_PortfolioBtnValidation.java:38)
at java.base/jdk.internal.reflect.DirectMethodHandleAccessor.invoke(DirectMethodHandleAccessor.java:103)
at java.base/java.lang.reflect.Method.invoke(Method.java:580)
at org.testng.internal.invokers.MethodInvocationHelper.invokeMethod(MethodInvocationHelper.java:141)
at org.testng.internal.invokers.TestInvoker.invokeMethod(TestInvoker.java:687)
at org.testng.internal.invokers.TestInvoker.invokeTestMethod(TestInvoker.java:230)
at org.testng.internal.invokers.MethodRunner.runInSequence(MethodRunner.java:63)
at org.testng.internal.invokers.TestInvoker$MethodInvocationAgent.invoke(TestInvoker.java:995)
at org.testng.internal.invokers.TestInvoker.invokeTestMethods(TestInvoker.java:203)
at org.testng.internal.invokers.TestMethodWorker.invokeTestMethods(TestMethodWorker.java:154)
at org.testng.internal.invokers.TestMethodWorker.run(TestMethodWorker.java:134)
at java.base/java.util.ArrayList.forEach(ArrayList.java:1596)
at org.testng.TestRunner.privateRun(TestRunner.java:741)
at org.testng.TestRunner.run(TestRunner.java:616)
at org.testng.SuiteRunner.runTest(SuiteRunner.java:421)
at org.testng.SuiteRunner$SuiteWorker.run(SuiteRunner.java:463)
at org.testng.internal.thread.ThreadUtil.lambda$execute$0(ThreadUtil.java:64)
at java.base/java.util.concurrent.FutureTask.run(FutureTask.java:317)
at java.base/java.util.concurrent.ThreadPoolExecutor.runWorker(ThreadPoolExecutor.java:1144)
at java.base/java.util.concurrent.ThreadPoolExecutor$Worker.run(ThreadPoolExecutor.java:642)
at java.base/java.lang.Thread.run(Thread.java:1583)
]]>
            </full-stacktrace>
          </exception> <!-- java.lang.AssertionError -->
          <reporter-output>
          </reporter-output>
        </test-method> <!-- detailsEntryTestAndCreateProfile -->
        <test-method is-config="true" signature="methodSetup(java.lang.reflect.Method)[pri:0, instance:app.vercel.devProfileEight.tests.TS03_PortfolioBtnValidation@57af006c]" started-at="2025-06-02T15:17:08 IST" name="methodSetup" finished-at="2025-06-02T15:17:08 IST" duration-ms="0" status="PASS">
          <params>
            <param index="0">
              <value>
                <![CDATA[public void app.vercel.devProfileEight.tests.TS03_PortfolioBtnValidation.detailsEntryTestAndCreateProfile(java.lang.String,java.lang.String,java.lang.String,java.lang.String,java.lang.String,java.lang.String,java.lang.String,java.lang.String)]]>
              </value>
            </param>
          </params>
          <reporter-output>
          </reporter-output>
        </test-method> <!-- methodSetup -->
        <test-method is-config="true" signature="methodTearDown()[pri:0, instance:app.vercel.devProfileEight.tests.TS03_PortfolioBtnValidation@57af006c]" started-at="2025-06-02T15:17:10 IST" name="methodTearDown" finished-at="2025-06-02T15:17:10 IST" duration-ms="40" status="PASS">
          <reporter-output>
          </reporter-output>
        </test-method> <!-- methodTearDown -->
        <test-method is-config="true" signature="tearDown()[pri:0, instance:app.vercel.devProfileEight.tests.TS03_PortfolioBtnValidation@57af006c]" started-at="2025-06-02T15:17:10 IST" name="tearDown" finished-at="2025-06-02T15:17:13 IST" duration-ms="2801" status="PASS">
          <reporter-output>
          </reporter-output>
        </test-method> <!-- tearDown -->
      </class> <!-- app.vercel.devProfileEight.tests.TS03_PortfolioBtnValidation -->
      <class name="app.vercel.devProfileEight.tests.TS04_PortfolioPageValidation">
        <test-method is-config="true" signature="setUp(java.lang.String)[pri:0, instance:app.vercel.devProfileEight.tests.TS04_PortfolioPageValidation@6bedbc4d]" started-at="2025-06-02T15:17:13 IST" name="setUp" finished-at="2025-06-02T15:17:19 IST" duration-ms="5697" status="PASS">
          <params>
            <param index="0">
              <value>
                <![CDATA[Edge]]>
              </value>
            </param>
          </params>
          <reporter-output>
          </reporter-output>
        </test-method> <!-- setUp -->
        <test-method is-config="true" signature="methodSetup(java.lang.reflect.Method)[pri:0, instance:app.vercel.devProfileEight.tests.TS04_PortfolioPageValidation@6bedbc4d]" started-at="2025-06-02T15:17:19 IST" name="methodSetup" finished-at="2025-06-02T15:17:19 IST" duration-ms="0" status="PASS">
          <params>
            <param index="0">
              <value>
                <![CDATA[void app.vercel.devProfileEight.tests.TS04_PortfolioPageValidation.avatarValidation(java.lang.String,java.lang.String,java.lang.String,java.lang.String,java.lang.String,java.lang.String,java.lang.String)]]>
              </value>
            </param>
          </params>
          <reporter-output>
          </reporter-output>
        </test-method> <!-- methodSetup -->
        <test-method signature="avatarValidation(java.lang.String,java.lang.String,java.lang.String,java.lang.String,java.lang.String,java.lang.String,java.lang.String)[pri:0, instance:app.vercel.devProfileEight.tests.TS04_PortfolioPageValidation@6bedbc4d]" started-at="2025-06-02T15:17:19 IST" name="avatarValidation" data-provider="profilePageData" finished-at="2025-06-02T15:17:21 IST" duration-ms="2882" status="PASS">
          <params>
            <param index="0">
              <value>
                <![CDATA[Rithika]]>
              </value>
            </param>
            <param index="1">
              <value>
                <![CDATA[rithika@gmail.com]]>
              </value>
            </param>
            <param index="2">
              <value>
                <![CDATA[5]]>
              </value>
            </param>
            <param index="3">
              <value>
                <![CDATA[Senior Manager]]>
              </value>
            </param>
            <param index="4">
              <value>
                <![CDATA[40]]>
              </value>
            </param>
            <param index="5">
              <value>
                <![CDATA[20]]>
              </value>
            </param>
            <param index="6">
              <value>
                <![CDATA[Java, python, javascript]]>
              </value>
            </param>
          </params>
          <reporter-output>
          </reporter-output>
        </test-method> <!-- avatarValidation -->
        <test-method is-config="true" signature="methodTearDown()[pri:0, instance:app.vercel.devProfileEight.tests.TS04_PortfolioPageValidation@6bedbc4d]" started-at="2025-06-02T15:17:21 IST" name="methodTearDown" finished-at="2025-06-02T15:17:21 IST" duration-ms="12" status="PASS">
          <reporter-output>
          </reporter-output>
        </test-method> <!-- methodTearDown -->
        <test-method signature="avatarValidation(java.lang.String,java.lang.String,java.lang.String,java.lang.String,java.lang.String,java.lang.String,java.lang.String)[pri:0, instance:app.vercel.devProfileEight.tests.TS04_PortfolioPageValidation@6bedbc4d]" started-at="2025-06-02T15:17:21 IST" name="avatarValidation" data-provider="profilePageData" finished-at="2025-06-02T15:17:23 IST" duration-ms="1298" status="PASS">
          <params>
            <param index="0">
              <value>
                <![CDATA[Subhasri]]>
              </value>
            </param>
            <param index="1">
              <value>
                <![CDATA[subhasri@gmail.com]]>
              </value>
            </param>
            <param index="2">
              <value>
                <![CDATA[4]]>
              </value>
            </param>
            <param index="3">
              <value>
                <![CDATA[Senior Associate]]>
              </value>
            </param>
            <param index="4">
              <value>
                <![CDATA[20]]>
              </value>
            </param>
            <param index="5">
              <value>
                <![CDATA[15]]>
              </value>
            </param>
            <param index="6">
              <value>
                <![CDATA[C, C++, Java]]>
              </value>
            </param>
          </params>
          <reporter-output>
          </reporter-output>
        </test-method> <!-- avatarValidation -->
        <test-method is-config="true" signature="methodSetup(java.lang.reflect.Method)[pri:0, instance:app.vercel.devProfileEight.tests.TS04_PortfolioPageValidation@6bedbc4d]" started-at="2025-06-02T15:17:21 IST" name="methodSetup" finished-at="2025-06-02T15:17:21 IST" duration-ms="0" status="PASS">
          <params>
            <param index="0">
              <value>
                <![CDATA[void app.vercel.devProfileEight.tests.TS04_PortfolioPageValidation.avatarValidation(java.lang.String,java.lang.String,java.lang.String,java.lang.String,java.lang.String,java.lang.String,java.lang.String)]]>
              </value>
            </param>
          </params>
          <reporter-output>
          </reporter-output>
        </test-method> <!-- methodSetup -->
        <test-method is-config="true" signature="methodTearDown()[pri:0, instance:app.vercel.devProfileEight.tests.TS04_PortfolioPageValidation@6bedbc4d]" started-at="2025-06-02T15:17:23 IST" name="methodTearDown" finished-at="2025-06-02T15:17:23 IST" duration-ms="20" status="PASS">
          <reporter-output>
          </reporter-output>
        </test-method> <!-- methodTearDown -->
        <test-method is-config="true" signature="methodSetup(java.lang.reflect.Method)[pri:0, instance:app.vercel.devProfileEight.tests.TS04_PortfolioPageValidation@6bedbc4d]" started-at="2025-06-02T15:17:23 IST" name="methodSetup" finished-at="2025-06-02T15:17:23 IST" duration-ms="1" status="PASS">
          <params>
            <param index="0">
              <value>
                <![CDATA[void app.vercel.devProfileEight.tests.TS04_PortfolioPageValidation.avatarValidation(java.lang.String,java.lang.String,java.lang.String,java.lang.String,java.lang.String,java.lang.String,java.lang.String)]]>
              </value>
            </param>
          </params>
          <reporter-output>
          </reporter-output>
        </test-method> <!-- methodSetup -->
        <test-method signature="avatarValidation(java.lang.String,java.lang.String,java.lang.String,java.lang.String,java.lang.String,java.lang.String,java.lang.String)[pri:0, instance:app.vercel.devProfileEight.tests.TS04_PortfolioPageValidation@6bedbc4d]" started-at="2025-06-02T15:17:23 IST" name="avatarValidation" data-provider="profilePageData" finished-at="2025-06-02T15:17:24 IST" duration-ms="1613" status="PASS">
          <params>
            <param index="0">
              <value>
                <![CDATA[Aravind]]>
              </value>
            </param>
            <param index="1">
              <value>
                <![CDATA[aravind@gmail.com]]>
              </value>
            </param>
            <param index="2">
              <value>
                <![CDATA[3]]>
              </value>
            </param>
            <param index="3">
              <value>
                <![CDATA[Senior Asscoiate]]>
              </value>
            </param>
            <param index="4">
              <value>
                <![CDATA[22]]>
              </value>
            </param>
            <param index="5">
              <value>
                <![CDATA[13]]>
              </value>
            </param>
            <param index="6">
              <value>
                <![CDATA[Mongo DB, MySQL,Spring, react.js]]>
              </value>
            </param>
          </params>
          <reporter-output>
          </reporter-output>
        </test-method> <!-- avatarValidation -->
        <test-method is-config="true" signature="methodTearDown()[pri:0, instance:app.vercel.devProfileEight.tests.TS04_PortfolioPageValidation@6bedbc4d]" started-at="2025-06-02T15:17:24 IST" name="methodTearDown" finished-at="2025-06-02T15:17:24 IST" duration-ms="11" status="PASS">
          <reporter-output>
          </reporter-output>
        </test-method> <!-- methodTearDown -->
[...]
          <params>
            <param index="0">
              <value>
                <![CDATA[1@3]]>
              </value>
            </param>
          </params>
          <reporter-output>
          </reporter-output>
        </test-method> <!-- websitesDevelopedFieldValidationTest -->
        <test-method is-config="true" signature="methodSetup(java.lang.reflect.Method)[pri:0, instance:app.vercel.devProfileEight.tests.TS02_InputValidation@77eca502]" started-at="2025-06-02T15:17:50 IST" name="methodSetup" finished-at="2025-06-02T15:17:50 IST" duration-ms="0" status="PASS">
          <params>
            <param index="0">
              <value>
                <![CDATA[public void app.vercel.devProfileEight.tests.TS02_InputValidation.websitesDevelopedFieldValidationTest(java.lang.String)]]>
              </value>
            </param>
          </params>
          <reporter-output>
          </reporter-output>
        </test-method> <!-- methodSetup -->
        <test-method is-config="true" signature="methodTearDown()[pri:0, instance:app.vercel.devProfileEight.tests.TS02_InputValidation@77eca502]" started-at="2025-06-02T15:17:50 IST" name="methodTearDown" finished-at="2025-06-02T15:17:50 IST" duration-ms="21" status="PASS">
          <reporter-output>
          </reporter-output>
        </test-method> <!-- methodTearDown -->
        <test-method is-config="true" signature="tearDown()[pri:0, instance:app.vercel.devProfileEight.tests.TS02_InputValidation@77eca502]" started-at="2025-06-02T15:17:50 IST" name="tearDown" finished-at="2025-06-02T15:17:56 IST" duration-ms="6496" status="PASS">
          <reporter-output>
          </reporter-output>
        </test-method> <!-- tearDown -->
      </class> <!-- app.vercel.devProfileEight.tests.TS02_InputValidation -->
      <class name="app.vercel.devProfileEight.tests.TS01_HomePageValidation">
        <test-method is-config="true" signature="setUp(java.lang.String)[pri:0, instance:app.vercel.devProfileEight.tests.TS01_HomePageValidation@19d481b]" started-at="2025-06-02T15:14:30 IST" name="setUp" finished-at="2025-06-02T15:14:34 IST" duration-ms="3754" status="PASS">
          <params>
            <param index="0">
              <value>
                <![CDATA[Chrome]]>
              </value>
            </param>
          </params>
          <reporter-output>
          </reporter-output>
        </test-method> <!-- setUp -->
        <test-method is-config="true" signature="methodSetup(java.lang.reflect.Method)[pri:0, instance:app.vercel.devProfileEight.tests.TS01_HomePageValidation@19d481b]" started-at="2025-06-02T15:14:34 IST" name="methodSetup" finished-at="2025-06-02T15:14:34 IST" duration-ms="201" status="PASS">
          <params>
            <param index="0">
              <value>
                <![CDATA[public void app.vercel.devProfileEight.tests.TS01_HomePageValidation.appsMadeEnableCheck()]]>
              </value>
            </param>
          </params>
          <reporter-output>
          </reporter-output>
        </test-method> <!-- methodSetup -->
        <test-method signature="appsMadeEnableCheck()[pri:0, instance:app.vercel.devProfileEight.tests.TS01_HomePageValidation@19d481b]" started-at="2025-06-02T15:14:34 IST" name="appsMadeEnableCheck" finished-at="2025-06-02T15:14:34 IST" duration-ms="352" status="PASS">
          <reporter-output>
          </reporter-output>
        </test-method> <!-- appsMadeEnableCheck -->
        <test-method is-config="true" signature="methodTearDown()[pri:0, instance:app.vercel.devProfileEight.tests.TS01_HomePageValidation@19d481b]" started-at="2025-06-02T15:14:34 IST" name="methodTearDown" finished-at="2025-06-02T15:14:35 IST" duration-ms="465" status="PASS">
          <reporter-output>
          </reporter-output>
        </test-method> <!-- methodTearDown -->
        <test-method is-config="true" signature="methodSetup(java.lang.reflect.Method)[pri:0, instance:app.vercel.devProfileEight.tests.TS01_HomePageValidation@19d481b]" started-at="2025-06-02T15:14:35 IST" name="methodSetup" finished-at="2025-06-02T15:14:35 IST" duration-ms="1" status="PASS">
          <params>
            <param index="0">
              <value>
                <![CDATA[public void app.vercel.devProfileEight.tests.TS01_HomePageValidation.checkWebTitle()]]>
              </value>
            </param>
          </params>
          <reporter-output>
          </reporter-output>
        </test-method> <!-- methodSetup -->
        <test-method signature="checkWebTitle()[pri:0, instance:app.vercel.devProfileEight.tests.TS01_HomePageValidation@19d481b]" started-at="2025-06-02T15:14:35 IST" name="checkWebTitle" finished-at="2025-06-02T15:14:35 IST" duration-ms="284" status="PASS">
          <reporter-output>
          </reporter-output>
        </test-method> <!-- checkWebTitle -->
        <test-method is-config="true" signature="methodTearDown()[pri:0, instance:app.vercel.devProfileEight.tests.TS01_HomePageValidation@19d481b]" started-at="2025-06-02T15:14:35 IST" name="methodTearDown" finished-at="2025-06-02T15:14:35 IST" duration-ms="28" status="PASS">
          <reporter-output>
          </reporter-output>
        </test-method> <!-- methodTearDown -->
        <test-method is-config="true" signature="methodSetup(java.lang.reflect.Method)[pri:0, instance:app.vercel.devProfileEight.tests.TS01_HomePageValidation@19d481b]" started-at="2025-06-02T15:14:35 IST" name="methodSetup" finished-at="2025-06-02T15:14:35 IST" duration-ms="1" status="PASS">
          <params>
            <param index="0">
              <value>
                <![CDATA[public void app.vercel.devProfileEight.tests.TS01_HomePageValidation.createPortfolioBtnClickCheck()]]>
              </value>
            </param>
          </params>
          <reporter-output>
          </reporter-output>
        </test-method> <!-- methodSetup -->
        <test-method signature="createPortfolioBtnClickCheck()[pri:0, instance:app.vercel.devProfileEight.tests.TS01_HomePageValidation@19d481b]" started-at="2025-06-02T15:14:35 IST" name="createPortfolioBtnClickCheck" finished-at="2025-06-02T15:14:35 IST" duration-ms="316" status="PASS">
          <reporter-output>
          </reporter-output>
        </test-method> <!-- createPortfolioBtnClickCheck -->
        <test-method is-config="true" signature="methodTearDown()[pri:0, instance:app.vercel.devProfileEight.tests.TS01_HomePageValidation@19d481b]" started-at="2025-06-02T15:14:35 IST" name="methodTearDown" finished-at="2025-06-02T15:14:36 IST" duration-ms="30" status="PASS">
          <reporter-output>
          </reporter-output>
        </test-method> <!-- methodTearDown -->
        <test-method is-config="true" signature="methodSetup(java.lang.reflect.Method)[pri:0, instance:app.vercel.devProfileEight.tests.TS01_HomePageValidation@19d481b]" started-at="2025-06-02T15:14:36 IST" name="methodSetup" finished-at="2025-06-02T15:14:36 IST" duration-ms="1" status="PASS">
          <params>
            <param index="0">
              <value>
                <![CDATA[public void app.vercel.devProfileEight.tests.TS01_HomePageValidation.emailFieldEnableCheck()]]>
              </value>
            </param>
          </params>
          <reporter-output>
          </reporter-output>
        </test-method> <!-- methodSetup -->
        <test-method signature="emailFieldEnableCheck()[pri:0, instance:app.vercel.devProfileEight.tests.TS01_HomePageValidation@19d481b]" started-at="2025-06-02T15:14:36 IST" name="emailFieldEnableCheck" finished-at="2025-06-02T15:14:36 IST" duration-ms="359" status="PASS">
          <reporter-output>
          </reporter-output>
        </test-method> <!-- emailFieldEnableCheck -->
        <test-method is-config="true" signature="methodTearDown()[pri:0, instance:app.vercel.devProfileEight.tests.TS01_HomePageValidation@19d481b]" started-at="2025-06-02T15:14:36 IST" name="methodTearDown" finished-at="2025-06-02T15:14:36 IST" duration-ms="56" status="PASS">
          <reporter-output>
          </reporter-output>
        </test-method> <!-- methodTearDown -->
        <test-method is-config="true" signature="methodSetup(java.lang.reflect.Method)[pri:0, instance:app.vercel.devProfileEight.tests.TS01_HomePageValidation@19d481b]" started-at="2025-06-02T15:14:36 IST" name="methodSetup" finished-at="2025-06-02T15:14:36 IST" duration-ms="4" status="PASS">
          <params>
            <param index="0">
              <value>
                <![CDATA[public void app.vercel.devProfileEight.tests.TS01_HomePageValidation.experienceFieldEnableCheck()]]>
              </value>
            </param>
          </params>
          <reporter-output>
          </reporter-output>
        </test-method> <!-- methodSetup -->
        <test-method signature="experienceFieldEnableCheck()[pri:0, instance:app.vercel.devProfileEight.tests.TS01_HomePageValidation@19d481b]" started-at="2025-06-02T15:14:36 IST" name="experienceFieldEnableCheck" finished-at="2025-06-02T15:14:37 IST" duration-ms="783" status="PASS">
          <reporter-output>
          </reporter-output>
        </test-method> <!-- experienceFieldEnableCheck -->
        <test-method is-config="true" signature="methodTearDown()[pri:0, instance:app.vercel.devProfileEight.tests.TS01_HomePageValidation@19d481b]" started-at="2025-06-02T15:14:37 IST" name="methodTearDown" finished-at="2025-06-02T15:14:37 IST" duration-ms="59" status="PASS">
          <reporter-output>
          </reporter-output>
        </test-method> <!-- methodTearDown -->
        <test-method is-config="true" signature="methodSetup(java.lang.reflect.Method)[pri:0, instance:app.vercel.devProfileEight.tests.TS01_HomePageValidation@19d481b]" started-at="2025-06-02T15:14:37 IST" name="methodSetup" finished-at="2025-06-02T15:14:37 IST" duration-ms="1" status="PASS">
          <params>
            <param index="0">
              <value>
                <![CDATA[public void app.vercel.devProfileEight.tests.TS01_HomePageValidation.headerCheck()]]>
              </value>
            </param>
          </params>
          <reporter-output>
          </reporter-output>
        </test-method> <!-- methodSetup -->
        <test-method signature="headerCheck()[pri:0, instance:app.vercel.devProfileEight.tests.TS01_HomePageValidation@19d481b]" started-at="2025-06-02T15:14:37 IST" name="headerCheck" finished-at="2025-06-02T15:14:37 IST" duration-ms="351" status="PASS">
          <reporter-output>
          </reporter-output>
        </test-method> <!-- headerCheck -->
        <test-method is-config="true" signature="methodTearDown()[pri:0, instance:app.vercel.devProfileEight.tests.TS01_HomePageValidation@19d481b]" started-at="2025-06-02T15:14:37 IST" name="methodTearDown" finished-at="2025-06-02T15:14:37 IST" duration-ms="38" status="PASS">
          <reporter-output>
          </reporter-output>
        </test-method> <!-- methodTearDown -->
        <test-method is-config="true" signature="methodSetup(java.lang.reflect.Method)[pri:0, instance:app.vercel.devProfileEight.tests.TS01_HomePageValidation@19d481b]" started-at="2025-06-02T15:14:37 IST" name="methodSetup" finished-at="2025-06-02T15:14:37 IST" duration-ms="1" status="PASS">
          <params>
            <param index="0">
              <value>
                <![CDATA[public void app.vercel.devProfileEight.tests.TS01_HomePageValidation.jobTitleFieldEnableCheck()]]>
              </value>
            </param>
          </params>
          <reporter-output>
          </reporter-output>
        </test-method> <!-- methodSetup -->
        <test-method signature="jobTitleFieldEnableCheck()[pri:0, instance:app.vercel.devProfileEight.tests.TS01_HomePageValidation@19d481b]" started-at="2025-06-02T15:14:37 IST" name="jobTitleFieldEnableCheck" finished-at="2025-06-02T15:14:38 IST" duration-ms="567" status="PASS">
          <reporter-output>
          </reporter-output>
        </test-method> <!-- jobTitleFieldEnableCheck -->
        <test-method is-config="true" signature="methodTearDown()[pri:0, instance:app.vercel.devProfileEight.tests.TS01_HomePageValidation@19d481b]" started-at="2025-06-02T15:14:38 IST" name="methodTearDown" finished-at="2025-06-02T15:14:38 IST" duration-ms="133" status="PASS">
          <reporter-output>
          </reporter-output>
        </test-method> <!-- methodTearDown -->
        <test-method is-config="true" signature="methodSetup(java.lang.reflect.Method)[pri:0, instance:app.vercel.devProfileEight.tests.TS01_HomePageValidation@19d481b]" started-at="2025-06-02T15:14:38 IST" name="methodSetup" finished-at="2025-06-02T15:14:38 IST" duration-ms="1" status="PASS">
          <params>
            <param index="0">
              <value>
                <![CDATA[public void app.vercel.devProfileEight.tests.TS01_HomePageValidation.measureBtnClickCheck()]]>
              </value>
            </param>
          </params>
          <reporter-output>
          </reporter-output>
        </test-method> <!-- methodSetup -->
        <test-method signature="measureBtnClickCheck()[pri:0, instance:app.vercel.devProfileEight.tests.TS01_HomePageValidation@19d481b]" started-at="2025-06-02T15:14:38 IST" name="measureBtnClickCheck" finished-at="2025-06-02T15:14:39 IST" duration-ms="669" status="PASS">
          <reporter-output>
          </reporter-output>
        </test-method> <!-- measureBtnClickCheck -->
        <test-method is-config="true" signature="methodTearDown()[pri:0, instance:app.vercel.devProfileEight.tests.TS01_HomePageValidation@19d481b]" started-at="2025-06-02T15:14:39 IST" name="methodTearDown" finished-at="2025-06-02T15:14:39 IST" duration-ms="33" status="PASS">
          <reporter-output>
          </reporter-output>
        </test-method> <!-- methodTearDown -->
        <test-method is-config="true" signature="methodSetup(java.lang.reflect.Method)[pri:0, instance:app.vercel.devProfileEight.tests.TS01_HomePageValidation@19d481b]" started-at="2025-06-02T15:14:39 IST" name="methodSetup" finished-at="2025-06-02T15:14:39 IST" duration-ms="4" status="PASS">
          <params>
            <param index="0">
              <value>
                <![CDATA[public void app.vercel.devProfileEight.tests.TS01_HomePageValidation.nameFieldEnableCheck()]]>
              </value>
            </param>
          </params>
          <reporter-output>
          </reporter-output>
        </test-method> <!-- methodSetup -->
        <test-method signature="nameFieldEnableCheck()[pri:0, instance:app.vercel.devProfileEight.tests.TS01_HomePageValidation@19d481b]" started-at="2025-06-02T15:14:39 IST" name="nameFieldEnableCheck" finished-at="2025-06-02T15:14:39 IST" duration-ms="361" status="PASS">
          <reporter-output>
          </reporter-output>
        </test-method> <!-- nameFieldEnableCheck -->
        <test-method is-config="true" signature="methodTearDown()[pri:0, instance:app.vercel.devProfileEight.tests.TS01_HomePageValidation@19d481b]" started-at="2025-06-02T15:14:39 IST" name="methodTearDown" finished-at="2025-06-02T15:14:39 IST" duration-ms="15" status="PASS">
          <reporter-output>
          </reporter-output>
        </test-method> <!-- methodTearDown -->
        <test-method signature="skillsFieldEnableCheck()[pri:0, instance:app.vercel.devProfileEight.tests.TS01_HomePageValidation@19d481b]" started-at="2025-06-02T15:14:39 IST" name="skillsFieldEnableCheck" finished-at="2025-06-02T15:14:39 IST" duration-ms="350" status="PASS">
          <reporter-output>
          </reporter-output>
        </test-method> <!-- skillsFieldEnableCheck -->
        <test-method is-config="true" signature="methodSetup(java.lang.reflect.Method)[pri:0, instance:app.vercel.devProfileEight.tests.TS01_HomePageValidation@19d481b]" started-at="2025-06-02T15:14:39 IST" name="methodSetup" finished-at="2025-06-02T15:14:39 IST" duration-ms="0" status="PASS">
          <params>
            <param index="0">
              <value>
                <![CDATA[public void app.vercel.devProfileEight.tests.TS01_HomePageValidation.skillsFieldEnableCheck()]]>
              </value>
            </param>
          </params>
          <reporter-output>
          </reporter-output>
        </test-method> <!-- methodSetup -->
        <test-method is-config="true" signature="methodTearDown()[pri:0, instance:app.vercel.devProfileEight.tests.TS01_HomePageValidation@19d481b]" started-at="2025-06-02T15:14:39 IST" name="methodTearDown" finished-at="2025-06-02T15:14:39 IST" duration-ms="30" status="PASS">
          <reporter-output>
          </reporter-output>
        </test-method> <!-- methodTearDown -->
        <test-method is-config="true" signature="methodSetup(java.lang.reflect.Method)[pri:0, instance:app.vercel.devProfileEight.tests.TS01_HomePageValidation@19d481b]" started-at="2025-06-02T15:14:39 IST" name="methodSetup" finished-at="2025-06-02T15:14:39 IST" duration-ms="1" status="PASS">
          <params>
            <param index="0">
              <value>
                <![CDATA[public void app.vercel.devProfileEight.tests.TS01_HomePageValidation.subTitleCheck()]]>
              </value>
            </param>
          </params>
          <reporter-output>
          </reporter-output>
        </test-method> <!-- methodSetup -->
        <test-method signature="subTitleCheck()[pri:0, instance:app.vercel.devProfileEight.tests.TS01_HomePageValidation@19d481b]" started-at="2025-06-02T15:14:39 IST" name="subTitleCheck" finished-at="2025-06-02T15:14:40 IST" duration-ms="188" status="PASS">
          <reporter-output>
          </reporter-output>
        </test-method> <!-- subTitleCheck -->
        <test-method is-config="true" signature="methodTearDown()[pri:0, instance:app.vercel.devProfileEight.tests.TS01_HomePageValidation@19d481b]" started-at="2025-06-02T15:14:40 IST" name="methodTearDown" finished-at="2025-06-02T15:14:40 IST" duration-ms="101" status="PASS">
          <reporter-output>
          </reporter-output>
        </test-method> <!-- methodTearDown -->
        <test-method is-config="true" signature="methodSetup(java.lang.reflect.Method)[pri:0, instance:app.vercel.devProfileEight.tests.TS01_HomePageValidation@19d481b]" started-at="2025-06-02T15:14:40 IST" name="methodSetup" finished-at="2025-06-02T15:14:40 IST" duration-ms="0" status="PASS">
          <params>
            <param index="0">
              <value>
                <![CDATA[public void app.vercel.devProfileEight.tests.TS01_HomePageValidation.websitesDevelopedEnableCheck()]]>
              </value>
            </param>
          </params>
          <reporter-output>
          </reporter-output>
        </test-method> <!-- methodSetup -->
        <test-method signature="websitesDevelopedEnableCheck()[pri:0, instance:app.vercel.devProfileEight.tests.TS01_HomePageValidation@19d481b]" started-at="2025-06-02T15:14:40 IST" name="websitesDevelopedEnableCheck" finished-at="2025-06-02T15:14:40 IST" duration-ms="382" status="PASS">
          <reporter-output>
          </reporter-output>
        </test-method> <!-- websitesDevelopedEnableCheck -->
        <test-method is-config="true" signature="methodTearDown()[pri:0, instance:app.vercel.devProfileEight.tests.TS01_HomePageValidation@19d481b]" started-at="2025-06-02T15:14:40 IST" name="methodTearDown" finished-at="2025-06-02T15:14:40 IST" duration-ms="62" status="PASS">
          <reporter-output>
          </reporter-output>
        </test-method> <!-- methodTearDown -->
        <test-method is-config="true" signature="tearDown()[pri:0, instance:app.vercel.devProfileEight.tests.TS01_HomePageValidation@19d481b]" started-at="2025-06-02T15:14:40 IST" name="tearDown" finished-at="2025-06-02T15:14:43 IST" duration-ms="2570" status="PASS">
          <reporter-output>
          </reporter-output>
        </test-method> <!-- tearDown -->
      </class> <!-- app.vercel.devProfileEight.tests.TS01_HomePageValidation -->
    </test> <!-- Chrome Test -->
  </suite> <!-- Suite -->
</testng-results>
